<?xml version="1.0" encoding="UTF-8"?>
<testng-results ignored="0" total="2" passed="2" failed="0" skipped="0">
  <reporter-output>
  </reporter-output>
  <suite started-at="2018-03-11T12:28:12Z" name="Default suite" finished-at="2018-03-11T12:28:49Z" duration-ms="36359">
    <groups>
      <group name="Included">
        <method signature="CBayDriver.confirmHomepage()[pri:0, instance:com.TestNG.test.CBayDriver@6c779568]" name="confirmHomepage" class="com.TestNG.test.CBayDriver"/>
        <method signature="CBayDriver.logInToMercury()[pri:0, instance:com.TestNG.test.CBayDriver@6c779568]" name="logInToMercury" class="com.TestNG.test.CBayDriver"/>
      </group> <!-- Included -->
      <group name="Excluded">
        <method signature="CBayDriver.confirmHomepage()[pri:0, instance:com.TestNG.test.CBayDriver@6c779568]" name="confirmHomepage" class="com.TestNG.test.CBayDriver"/>
        <method signature="CBayDriver.logInToMercury()[pri:0, instance:com.TestNG.test.CBayDriver@6c779568]" name="logInToMercury" class="com.TestNG.test.CBayDriver"/>
      </group> <!-- Excluded -->
    </groups>
    <test started-at="2018-03-11T12:28:12Z" name="Default test" finished-at="2018-03-11T12:28:49Z" duration-ms="36359">
      <class name="com.TestNG.test.CBayDriver">
        <test-method is-config="true" signature="setup()[pri:0, instance:com.TestNG.test.CBayDriver@6c779568]" started-at="2018-03-11T12:28:12Z" name="setup" finished-at="2018-03-11T12:28:42Z" duration-ms="29710" status="PASS">
          <reporter-output>
          </reporter-output>
        </test-method> <!-- setup -->
        <test-method signature="confirmHomepage()[pri:0, instance:com.TestNG.test.CBayDriver@6c779568]" started-at="2018-03-11T12:28:42Z" name="confirmHomepage" finished-at="2018-03-11T12:28:42Z" duration-ms="64" status="PASS">
          <reporter-output>
          </reporter-output>
        </test-method> <!-- confirmHomepage -->
        <test-method signature="logInToMercury()[pri:0, instance:com.TestNG.test.CBayDriver@6c779568]" started-at="2018-03-11T12:28:42Z" name="logInToMercury" finished-at="2018-03-11T12:28:45Z" depends-on-methods="com.TestNG.test.CBayDriver.confirmHomepage" duration-ms="2344" status="PASS">
          <reporter-output>
          </reporter-output>
        </test-method> <!-- logInToMercury -->
        <test-method is-config="true" signature="teardown()[pri:0, instance:com.TestNG.test.CBayDriver@6c779568]" started-at="2018-03-11T12:28:45Z" name="teardown" finished-at="2018-03-11T12:28:49Z" duration-ms="3989" status="PASS">
          <reporter-output>
          </reporter-output>
        </test-method> <!-- teardown -->
      </class> <!-- com.TestNG.test.CBayDriver -->
    </test> <!-- Default test -->
  </suite> <!-- Default suite -->
</testng-results>
